2023-01-31T08:33:35.640Z [winston-test] error: uncaughtException: describe is not defined
ReferenceError: describe is not defined
    at file:///home/dlatn/station-apitest/index.js:201:1
    at ModuleJob.run (node:internal/modules/esm/module_job:198:25)
    at async Promise.all (index 0)
    at async ESMLoader.import (node:internal/modules/esm/loader:385:24)
    at async loadESM (node:internal/process/esm_loader:88:5)
    at async handleMainPromise (node:internal/modules/run_main:61:12)
2023-01-31T08:34:02.970Z [winston-test] error: uncaughtException: describe is not defined
ReferenceError: describe is not defined
    at file:///home/dlatn/station-apitest/index.js:201:1
    at ModuleJob.run (node:internal/modules/esm/module_job:198:25)
    at async Promise.all (index 0)
    at async ESMLoader.import (node:internal/modules/esm/loader:385:24)
    at async loadESM (node:internal/process/esm_loader:88:5)
    at async handleMainPromise (node:internal/modules/run_main:61:12)
2023-01-31T08:35:32.974Z [winston-test] error: uncaughtException: describe is not defined
ReferenceError: describe is not defined
    at file:///home/dlatn/station-apitest/index.js:201:1
    at ModuleJob.run (node:internal/modules/esm/module_job:198:25)
    at async Promise.all (index 0)
    at async ESMLoader.import (node:internal/modules/esm/loader:385:24)
    at async loadESM (node:internal/process/esm_loader:88:5)
    at async handleMainPromise (node:internal/modules/run_main:61:12)
2023-01-31T08:35:56.330Z [winston-test] error: uncaughtException: describe is not defined
ReferenceError: describe is not defined
    at file:///home/dlatn/station-apitest/index.js:201:1
    at ModuleJob.run (node:internal/modules/esm/module_job:198:25)
    at async Promise.all (index 0)
    at async ESMLoader.import (node:internal/modules/esm/loader:385:24)
    at async loadESM (node:internal/process/esm_loader:88:5)
    at async handleMainPromise (node:internal/modules/run_main:61:12)
2023-01-31T08:36:18.552Z [winston-test] error: uncaughtException: describe is not defined
ReferenceError: describe is not defined
    at file:///home/dlatn/station-apitest/index.js:201:1
    at ModuleJob.run (node:internal/modules/esm/module_job:198:25)
    at async Promise.all (index 0)
    at async ESMLoader.import (node:internal/modules/esm/loader:385:24)
    at async loadESM (node:internal/process/esm_loader:88:5)
    at async handleMainPromise (node:internal/modules/run_main:61:12)
2023-01-31T08:36:46.724Z [winston-test] error: uncaughtException: Cannot use 'in' operator to search for 'status' in undefined
TypeError: Cannot use 'in' operator to search for 'status' in undefined
    at Proxy.<anonymous> (/home/dlatn/station-apitest/node_modules/chai-http/lib/http.js:80:38)
    at Proxy.methodWrapper (/home/dlatn/station-apitest/node_modules/chai/lib/chai/utils/addMethod.js:57:25)
    at file:///home/dlatn/station-apitest/index.js:208:29
    at Test.Request.callback (/home/dlatn/station-apitest/node_modules/superagent/lib/node/index.js:728:3)
    at ClientRequest.<anonymous> (/home/dlatn/station-apitest/node_modules/superagent/lib/node/index.js:647:10)
    at Object.onceWrapper (node:events:642:26)
    at ClientRequest.emit (node:events:527:28)
    at TLSSocket.socketErrorListener (node:_http_client:454:9)
    at TLSSocket.emit (node:events:527:28)
    at emitErrorNT (node:internal/streams/destroy:157:8)
    at emitErrorCloseNT (node:internal/streams/destroy:122:3)
    at processTicksAndRejections (node:internal/process/task_queues:83:21)
